Arguments: 
  C:\Program Files\nodejs\node.exe C:\Program Files (x86)\Yarn\bin\yarn.js build

PATH: 
  C:\Python310\Scripts\;C:\Python310\;C:\Program Files\Eclipse Foundation\jdk-8.0.302.8-hotspot\bin;C:\Python38\Scripts\;C:\Python38\;C:\Program Files\Microsoft MPI\Bin\;C:\Windows\system32;C:\Windows;C:\Windows\System32\Wbem;C:\Windows\System32\WindowsPowerShell\v1.0\;C:\Windows\System32\OpenSSH\;C:\Program Files (x86)\NVIDIA Corporation\PhysX\Common;C:\Program Files\NVIDIA Corporation\NVIDIA NvDLISR;C:\Program Files (x86)\GtkSharp\2.12\bin;C:\Program Files (x86)\Microsoft SQL Server\80\Tools\Binn\;C:\Program Files (x86)\Microsoft SQL Server\90\DTS\Binn\;C:\Program Files\Microsoft SQL Server\Client SDK\ODBC\130\Tools\Binn\;C:\Program Files (x86)\Microsoft SQL Server\140\Tools\Binn\;C:\Program Files\Microsoft SQL Server\140\Tools\Binn\;C:\Program Files\Microsoft SQL Server\140\DTS\Binn\;C:\Program Files (x86)\Microsoft SQL Server\100\Tools\Binn\;C:\Program Files\Microsoft SQL Server\100\Tools\Binn\;C:\Program Files\Microsoft SQL Server\100\DTS\Binn\;C:\Program Files (x86)\Microsoft SQL Server\100\Tools\Binn\VSShell\Common7\IDE\;C:\Program Files (x86)\Microsoft Visual Studio 9.0\Common7\IDE\PrivateAssemblies\;C:\Program Files (x86)\Microsoft SQL Server\100\DTS\Binn\;C:\Program Files\Microsoft SQL Server\130\Tools\Binn\;C:\Program Files\dotnet\;C:\Program Files (x86)\Microsoft SQL Server\150\DTS\Binn\;C:\WINDOWS\system32;C:\WINDOWS;C:\WINDOWS\System32\Wbem;C:\WINDOWS\System32\WindowsPowerShell\v1.0\;C:\WINDOWS\System32\OpenSSH\;C:\Program Files\Microsoft SQL Server\Client SDK\ODBC\170\Tools\Binn\;C:\ProgramData\chocolatey\bin;C:\Program Files (x86)\Yarn\bin\;C:\Program Files\Microsoft SQL Server\110\Tools\Binn\;%NVM_HOME%;%NVM_SYMLINK%;C:\Program Files\Git\cmd;C:\Program Files\MySQL\MySQL Shell 8.0\bin\;C:\Users\Henri Nicholli Munoz\AppData\Local\Microsoft\WindowsApps;C:\Program Files (x86)\Sophos\Sophos SSL VPN Client\bin;C:\Users\Henri Nicholli Munoz\.dotnet\tools;C:\Users\Henri Nicholli Munoz\AppData\Local\Programs\Microsoft VS Code\bin;C:\Users\Henri Nicholli Munoz\AppData\Local\Yarn\bin;C:\Program Files\MongoDB\Server\4.2\bin;C:\Users\Henri Nicholli Munoz\.dotnet\tools;C:\Users\Henri Nicholli Munoz\AppData\Roaming\nvm;C:\Program Files\nodejs;C:\Program Files\heroku\bin;C:\Users\Henri Nicholli Munoz\AppData\Local\Programs\Hyper\resources\bin

Yarn version: 
  1.22.4

Node version: 
  11.7.0

Platform: 
  win32 x64

Trace: 
  SyntaxError: D:\Projects\devproducts\divrse\client\package.json: Unexpected token } in JSON at position 369
      at JSON.parse (<anonymous>)
      at C:\Program Files (x86)\Yarn\lib\cli.js:1625:59
      at Generator.next (<anonymous>)
      at step (C:\Program Files (x86)\Yarn\lib\cli.js:310:30)
      at C:\Program Files (x86)\Yarn\lib\cli.js:321:13

npm manifest: 
  {
    "name": "divrsewebpack",
    "version": "1.0.0",
    "description": "Front End for DIVRSE",
    "main": "index.js",
    "scripts": {
      "test": "echo \"Error: no test specified\" && exit 1",
      "build": "webpack  --config config/webpack.config.js --mode development --hot",
      "build:dev": "webpack serve  --config config/webpack.config.js --mode development --hot",
  
    },
    "author": "",
    "license": "ISC",
    "dependencies": {
      "@babel/core": "^7.18.10",
      "@babel/plugin-proposal-class-properties": "^7.18.6",
      "@babel/preset-env": "^7.18.10",
      "@babel/preset-react": "^7.18.6",
      "babel-loader": "^8.2.5",
      "clean-webpack-plugin": "^4.0.0",
      "handlebars-loader": "^1.7.2",
      "html-webpack-plugin": "^5.5.0",
      "mini-css-extract-plugin": "^2.6.1",
      "react": "^18.2.0",
      "react-dom": "^18.2.0",
      "reactdom": "^2.0.0",
      "sass": "^1.54.5",
      "sass-loader": "^13.0.2",
      "style-loader": "^3.3.1",
      "webpack": "^5.74.0",
      "webpack-cli": "^4.10.0",
      "webpack-dev-server": "^4.10.0"
    }
  }

yarn manifest: 
  No manifest

Lockfile: 
  No lockfile
